PLINK v2.00a3.6LM 64-bit Intel (14 Aug 2022)
Options in effect:
  --exclude palindrome.txt
  --make-bed
  --out all_hg38_filtered_chrpos
  --pfile all_hg38_filtered
  --set-all-var-ids chr@:#:$r:$a

Hostname: cn4318
Working directory: /gpfs/gsfs9/users/iwakih2/resources/1kg_p3
Start time: Mon Nov  6 18:18:53 2023

Random number seed: 1699312733
515436 MiB RAM detected; reserving 257718 MiB for main workspace.
Using up to 128 threads (change this with --threads).
2573 samples (1296 females, 1277 males; 2561 founders) loaded from
all_hg38_filtered.psam.
9494396 variants loaded from all_hg38_filtered.pvar.
2 categorical phenotypes loaded.
--exclude: 9494396 variants remaining.
9494396 variants remaining after main filters.
Writing all_hg38_filtered_chrpos.fam ... done.
Writing all_hg38_filtered_chrpos.bim ... done.
Writing all_hg38_filtered_chrpos.bed ... done.

End time: Mon Nov  6 18:19:06 2023
